<?xml version="1.0" encoding="UTF-8"?>
<!-- Generated by org.testng.reporters.JUnitReportReporter -->
<testsuite hostname="akshayk" name="Appium.com.khushi.LoginTest" tests="1" failures="0" timestamp="3 Nov 2016 13:01:37 GMT" time="28.064" errors="0">
  <testcase name="Login" time="28.064" classname="Appium.com.khushi.LoginTest"/>
</testsuite> <!-- Appium.com.khushi.LoginTest -->
